Using pre-set license
Built from '2020.3/staging' branch; Version is '2020.3.14f1 (d0d1bb862f9d) revision 13685179'; Using compiler version '192528614'; Build Type 'Release'
OS: 'Windows 10 Home; OS build 19043.1288; Version 2009; 64bit' Language: 'en' Physical Memory: 7959 MB
BatchMode: 1, IsHumanControllingUs: 0, StartBugReporterOnCrash: 0, Is64bit: 1, IsPro: 0

 COMMAND LINE ARGUMENTS:
C:\Program Files\Unity\Hub\Editor\2020.3.14f1\Editor\Unity.exe
-adb2
-batchMode
-noUpm
-name
AssetImportWorker0
-projectPath
C:/Users/oramr/git/DarkMoon
-logFile
Logs/AssetImportWorker0.log
-srvPort
57706
Successfully changed project path to: C:/Users/oramr/git/DarkMoon
C:/Users/oramr/git/DarkMoon
Using Asset Import Pipeline V2.
Refreshing native plugins compatible for Editor in 120.04 ms, found 2 plugins.
Preloading 0 native plugins for Editor in 0.00 ms.
Initialize engine version: 2020.3.14f1 (d0d1bb862f9d)
[Subsystems] Discovering subsystems at path C:/Program Files/Unity/Hub/Editor/2020.3.14f1/Editor/Data/Resources/UnitySubsystems
[Subsystems] Discovering subsystems at path C:/Users/oramr/git/DarkMoon/Assets
GfxDevice: creating device client; threaded=0
Direct3D:
    Version:  Direct3D 11.0 [level 11.1]
    Renderer: NVIDIA GeForce MX230 (ID=0x1d11)
    Vendor:   
    VRAM:     1984 MB
    Driver:   27.21.14.6231
Initialize mono
Mono path[0] = 'C:/Program Files/Unity/Hub/Editor/2020.3.14f1/Editor/Data/Managed'
Mono path[1] = 'C:/Program Files/Unity/Hub/Editor/2020.3.14f1/Editor/Data/MonoBleedingEdge/lib/mono/unityjit'
Mono config path = 'C:/Program Files/Unity/Hub/Editor/2020.3.14f1/Editor/Data/MonoBleedingEdge/etc'
Using monoOptions --debugger-agent=transport=dt_socket,embedding=1,server=y,suspend=n,address=127.0.0.1:56796
Begin MonoManager ReloadAssembly
Registering precompiled unity dll's ...
Register platform support module: C:/Program Files/Unity/Hub/Editor/2020.3.14f1/Editor/Data/PlaybackEngines/WindowsStandaloneSupport/UnityEditor.WindowsStandalone.Extensions.dll
Registered in 0.005404 seconds.
Native extension for WindowsStandalone target not found
Refreshing native plugins compatible for Editor in 68.82 ms, found 2 plugins.
Preloading 0 native plugins for Editor in 0.00 ms.
Mono: successfully reloaded assembly
- Completed reload, in  3.166 seconds
Domain Reload Profiling:
	ReloadAssembly (3166ms)
		BeginReloadAssembly (72ms)
			ExecutionOrderSort (0ms)
			DisableScriptedObjects (0ms)
			BackupInstance (0ms)
			ReleaseScriptingObjects (0ms)
			CreateAndSetChildDomain (2ms)
		EndReloadAssembly (782ms)
			LoadAssemblies (66ms)
			RebuildTransferFunctionScriptingTraits (0ms)
			SetupTypeCache (194ms)
			ReleaseScriptCaches (0ms)
			RebuildScriptCaches (41ms)
			SetupLoadedEditorAssemblies (370ms)
				LogAssemblyErrors (0ms)
				InitializePlatformSupportModulesInManaged (4ms)
				SetLoadedEditorAssemblies (0ms)
				RefreshPlugins (69ms)
				BeforeProcessingInitializeOnLoad (45ms)
				ProcessInitializeOnLoadAttributes (193ms)
				ProcessInitializeOnLoadMethodAttributes (59ms)
				AfterProcessingInitializeOnLoad (0ms)
				EditorAssembliesLoaded (0ms)
			ExecutionOrderSort2 (0ms)
			AwakeInstancesAfterBackupRestoration (0ms)
Platform modules already initialized, skipping
Registering precompiled user dll's ...
Registered in 0.013990 seconds.
Begin MonoManager ReloadAssembly
Native extension for WindowsStandalone target not found
Refreshing native plugins compatible for Editor in 0.93 ms, found 2 plugins.
Preloading 0 native plugins for Editor in 0.00 ms.
Mono: successfully reloaded assembly
- Completed reload, in  2.020 seconds
Domain Reload Profiling:
	ReloadAssembly (2021ms)
		BeginReloadAssembly (247ms)
			ExecutionOrderSort (0ms)
			DisableScriptedObjects (7ms)
			BackupInstance (0ms)
			ReleaseScriptingObjects (0ms)
			CreateAndSetChildDomain (39ms)
		EndReloadAssembly (1652ms)
			LoadAssemblies (213ms)
			RebuildTransferFunctionScriptingTraits (0ms)
			SetupTypeCache (639ms)
			ReleaseScriptCaches (1ms)
			RebuildScriptCaches (103ms)
			SetupLoadedEditorAssemblies (583ms)
				LogAssemblyErrors (0ms)
				InitializePlatformSupportModulesInManaged (12ms)
				SetLoadedEditorAssemblies (1ms)
				RefreshPlugins (1ms)
				BeforeProcessingInitializeOnLoad (211ms)
				ProcessInitializeOnLoadAttributes (342ms)
				ProcessInitializeOnLoadMethodAttributes (7ms)
				AfterProcessingInitializeOnLoad (8ms)
				EditorAssembliesLoaded (0ms)
			ExecutionOrderSort2 (0ms)
			AwakeInstancesAfterBackupRestoration (10ms)
Platform modules already initialized, skipping
========================================================================
Worker process is ready to serve import requests
Launched and connected shader compiler UnityShaderCompiler.exe after 0.07 seconds
Refreshing native plugins compatible for Editor in 4.24 ms, found 2 plugins.
Preloading 0 native plugins for Editor in 0.00 ms.
Unloading 1681 Unused Serialized files (Serialized files now loaded: 0)
System memory in use before: 186.7 MB.
System memory in use after: 186.8 MB.

Unloading 19 unused Assets to reduce memory usage. Loaded Objects now: 2154.
Total: 5.560900 ms (FindLiveObjects: 0.279500 ms CreateObjectMapping: 0.073300 ms MarkObjects: 4.436600 ms  DeleteObjects: 0.726500 ms)

AssetImportParameters requested are different than current active one (requested -> active):
  custom:framework-win-MediaFoundation: 216162199b28c13a410421893ffa2e32 -> 
  custom:video-decoder-ogg-theora: a1e56fd34408186e4bbccfd4996cb3dc -> 
  custom:container-muxer-webm: aa71ff27fc2769a1b78a27578f13a17b -> 
  custom:container-demuxer-webm: 4f35f7cbe854078d1ac9338744f61a02 -> 
  custom:container-demuxer-ogg: 62fdf1f143b41e24485cea50d1cbac27 -> 
  custom:video-encoder-webm-vp8: eb34c28f22e8b96e1ab97ce403110664 -> 
  custom:video-codec-MediaFoundation-h265: 746d11721c4dcdbdad8f713fa42b33f4 -> 
  custom:video-decoder-webm-vp8: 9c59270c3fd7afecdb556c50c9e8de78 -> 
  custom:audio-decoder-ogg-vorbis: bf7c407c2cedff20999df2af8eb42d56 -> 
  custom:audio-encoder-webm-vorbis: bf7c407c2cedff20999df2af8eb42d56 -> 
========================================================================
Received Import Request.
  path: Assets/Darkmoon/NavMesh.asset
  artifactKey: Guid(218b1da5a82697241bdde955148bd9fd) Importer(815301076,1909f56bfc062723c751e8b465ee728b)
Start importing Assets/Darkmoon/NavMesh.asset using Guid(218b1da5a82697241bdde955148bd9fd) Importer(815301076,1909f56bfc062723c751e8b465ee728b)  -> (artifact id: 'a7ecc9ddfa4ac42ef2d9553f3bb257e4') in 0.633191 seconds 
  Import took 0.739553 seconds .

========================================================================
Received Import Request.
  Time since last request: 48.796702 seconds.
  path: Assets/Prefabs/house_ruined 1.prefab
  artifactKey: Guid(09445cab455364c4abd61a1bf271b69d) Importer(815301076,1909f56bfc062723c751e8b465ee728b)
Start importing Assets/Prefabs/house_ruined 1.prefab using Guid(09445cab455364c4abd61a1bf271b69d) Importer(815301076,1909f56bfc062723c751e8b465ee728b)  -> (artifact id: '4f8a1c2d0867f9f243a28a465cb6a886') in 0.245076 seconds 
  Import took 0.275282 seconds .

========================================================================
Received Import Request.
  Time since last request: 3.991191 seconds.
  path: Assets/Prefabs/house_ruined 1.prefab
  artifactKey: Guid(09445cab455364c4abd61a1bf271b69d) Importer(815301076,1909f56bfc062723c751e8b465ee728b)
Start importing Assets/Prefabs/house_ruined 1.prefab using Guid(09445cab455364c4abd61a1bf271b69d) Importer(815301076,1909f56bfc062723c751e8b465ee728b)  -> (artifact id: 'b5ff134fe28ef64e617c064f6738a486') in 0.062232 seconds 
  Import took 0.067857 seconds .

========================================================================
Received Import Request.
  Time since last request: 5.676202 seconds.
  path: Assets/Prefabs/house_ruined 1.prefab
  artifactKey: Guid(09445cab455364c4abd61a1bf271b69d) Importer(815301076,1909f56bfc062723c751e8b465ee728b)
Start importing Assets/Prefabs/house_ruined 1.prefab using Guid(09445cab455364c4abd61a1bf271b69d) Importer(815301076,1909f56bfc062723c751e8b465ee728b)  -> (artifact id: '802e438f427fef7df2fc76c97b9647bc') in 0.044309 seconds 
  Import took 0.052008 seconds .

========================================================================
Received Import Request.
  Time since last request: 71.931179 seconds.
  path: Assets/Prefabs/house_ruined 1.prefab
  artifactKey: Guid(09445cab455364c4abd61a1bf271b69d) Importer(815301076,1909f56bfc062723c751e8b465ee728b)
Start importing Assets/Prefabs/house_ruined 1.prefab using Guid(09445cab455364c4abd61a1bf271b69d) Importer(815301076,1909f56bfc062723c751e8b465ee728b)  -> (artifact id: '7ed7ac94ea3cde2a306c07bf03e0b2a2') in 0.093785 seconds 
  Import took 0.102603 seconds .

========================================================================
Received Import Request.
  Time since last request: 4.351995 seconds.
  path: Assets/Prefabs/house_ruined 1.prefab
  artifactKey: Guid(09445cab455364c4abd61a1bf271b69d) Importer(815301076,1909f56bfc062723c751e8b465ee728b)
Start importing Assets/Prefabs/house_ruined 1.prefab using Guid(09445cab455364c4abd61a1bf271b69d) Importer(815301076,1909f56bfc062723c751e8b465ee728b)  -> (artifact id: '14c93822a701b6f411181edb42cbf64c') in 0.045811 seconds 
  Import took 0.050673 seconds .

========================================================================
Received Import Request.
  Time since last request: 5.544370 seconds.
  path: Assets/Prefabs/house_ruined 1.prefab
  artifactKey: Guid(09445cab455364c4abd61a1bf271b69d) Importer(815301076,1909f56bfc062723c751e8b465ee728b)
Start importing Assets/Prefabs/house_ruined 1.prefab using Guid(09445cab455364c4abd61a1bf271b69d) Importer(815301076,1909f56bfc062723c751e8b465ee728b)  -> (artifact id: 'f23ad20ca39b69474b25c5a78c973e86') in 0.051389 seconds 
  Import took 0.057169 seconds .

========================================================================
Received Import Request.
  Time since last request: 37.457386 seconds.
  path: Assets/Prefabs/house_ruined 1.prefab
  artifactKey: Guid(09445cab455364c4abd61a1bf271b69d) Importer(815301076,1909f56bfc062723c751e8b465ee728b)
Start importing Assets/Prefabs/house_ruined 1.prefab using Guid(09445cab455364c4abd61a1bf271b69d) Importer(815301076,1909f56bfc062723c751e8b465ee728b)  -> (artifact id: '50c2d1c3ed5bc30f74d4aed5a0da6161') in 0.042279 seconds 
  Import took 0.048076 seconds .

========================================================================
Received Import Request.
  Time since last request: 6.780537 seconds.
  path: Assets/Prefabs/house_ruined 1.prefab
  artifactKey: Guid(09445cab455364c4abd61a1bf271b69d) Importer(815301076,1909f56bfc062723c751e8b465ee728b)
Start importing Assets/Prefabs/house_ruined 1.prefab using Guid(09445cab455364c4abd61a1bf271b69d) Importer(815301076,1909f56bfc062723c751e8b465ee728b)  -> (artifact id: '42e3489efe6c638164b08d30ffdc9a62') in 0.045586 seconds 
  Import took 0.052062 seconds .

========================================================================
Received Import Request.
  Time since last request: 6.379322 seconds.
  path: Assets/Prefabs/house_ruined 1.prefab
  artifactKey: Guid(09445cab455364c4abd61a1bf271b69d) Importer(815301076,1909f56bfc062723c751e8b465ee728b)
Start importing Assets/Prefabs/house_ruined 1.prefab using Guid(09445cab455364c4abd61a1bf271b69d) Importer(815301076,1909f56bfc062723c751e8b465ee728b)  -> (artifact id: '6bbb14a2dd693fdafa23b39778d111db') in 0.034339 seconds 
  Import took 0.039474 seconds .

========================================================================
Received Import Request.
  Time since last request: 9.666085 seconds.
  path: Assets/Prefabs/house_ruined 1.prefab
  artifactKey: Guid(09445cab455364c4abd61a1bf271b69d) Importer(815301076,1909f56bfc062723c751e8b465ee728b)
Start importing Assets/Prefabs/house_ruined 1.prefab using Guid(09445cab455364c4abd61a1bf271b69d) Importer(815301076,1909f56bfc062723c751e8b465ee728b)  -> (artifact id: '6b8bdc5da44a31bd5aa2040249e23494') in 0.047107 seconds 
  Import took 0.054999 seconds .

========================================================================
Received Import Request.
  Time since last request: 4.430390 seconds.
  path: Assets/Prefabs/house_ruined 1.prefab
  artifactKey: Guid(09445cab455364c4abd61a1bf271b69d) Importer(815301076,1909f56bfc062723c751e8b465ee728b)
Start importing Assets/Prefabs/house_ruined 1.prefab using Guid(09445cab455364c4abd61a1bf271b69d) Importer(815301076,1909f56bfc062723c751e8b465ee728b)  -> (artifact id: '6aa9745fd722da0517a401c8bda01d55') in 0.034225 seconds 
  Import took 0.039629 seconds .

========================================================================
Received Import Request.
  Time since last request: 2.972067 seconds.
  path: Assets/Prefabs/house_ruined 1.prefab
  artifactKey: Guid(09445cab455364c4abd61a1bf271b69d) Importer(815301076,1909f56bfc062723c751e8b465ee728b)
Start importing Assets/Prefabs/house_ruined 1.prefab using Guid(09445cab455364c4abd61a1bf271b69d) Importer(815301076,1909f56bfc062723c751e8b465ee728b)  -> (artifact id: '4dd568e0cfacb020ddb35c0fd3253757') in 0.031209 seconds 
  Import took 0.040508 seconds .

========================================================================
Received Import Request.
  Time since last request: 51.553708 seconds.
  path: Assets/Prefabs/house_ruined 1.prefab
  artifactKey: Guid(09445cab455364c4abd61a1bf271b69d) Importer(815301076,1909f56bfc062723c751e8b465ee728b)
Start importing Assets/Prefabs/house_ruined 1.prefab using Guid(09445cab455364c4abd61a1bf271b69d) Importer(815301076,1909f56bfc062723c751e8b465ee728b)  -> (artifact id: 'b4b5fbb30ac977961d50f23458bf967b') in 0.033266 seconds 
  Import took 0.041233 seconds .

========================================================================
Received Import Request.
  Time since last request: 3.647760 seconds.
  path: Assets/Prefabs/house_ruined 1.prefab
  artifactKey: Guid(09445cab455364c4abd61a1bf271b69d) Importer(815301076,1909f56bfc062723c751e8b465ee728b)
Start importing Assets/Prefabs/house_ruined 1.prefab using Guid(09445cab455364c4abd61a1bf271b69d) Importer(815301076,1909f56bfc062723c751e8b465ee728b)  -> (artifact id: '5b57a1134c4f743d6dd7cad0ae6b579c') in 0.036253 seconds 
  Import took 0.042344 seconds .

========================================================================
Received Import Request.
  Time since last request: 2.889703 seconds.
  path: Assets/Prefabs/house_ruined 1.prefab
  artifactKey: Guid(09445cab455364c4abd61a1bf271b69d) Importer(815301076,1909f56bfc062723c751e8b465ee728b)
Start importing Assets/Prefabs/house_ruined 1.prefab using Guid(09445cab455364c4abd61a1bf271b69d) Importer(815301076,1909f56bfc062723c751e8b465ee728b)  -> (artifact id: 'e089b7d56c2550f47b2f1c778accb922') in 0.042661 seconds 
  Import took 0.053894 seconds .

========================================================================
Received Import Request.
  Time since last request: 4.528658 seconds.
  path: Assets/Prefabs/house_ruined 1.prefab
  artifactKey: Guid(09445cab455364c4abd61a1bf271b69d) Importer(815301076,1909f56bfc062723c751e8b465ee728b)
Start importing Assets/Prefabs/house_ruined 1.prefab using Guid(09445cab455364c4abd61a1bf271b69d) Importer(815301076,1909f56bfc062723c751e8b465ee728b)  -> (artifact id: '1493fa80cd8149aaf9a73126984c059f') in 0.033168 seconds 
  Import took 0.041263 seconds .

========================================================================
Received Import Request.
  Time since last request: 7.270182 seconds.
  path: Assets/Prefabs/house_ruined 1.prefab
  artifactKey: Guid(09445cab455364c4abd61a1bf271b69d) Importer(815301076,1909f56bfc062723c751e8b465ee728b)
Start importing Assets/Prefabs/house_ruined 1.prefab using Guid(09445cab455364c4abd61a1bf271b69d) Importer(815301076,1909f56bfc062723c751e8b465ee728b)  -> (artifact id: '457c9eaf409da6522e9ca5a45e4c71be') in 0.036075 seconds 
  Import took 0.042660 seconds .

========================================================================
Received Import Request.
  Time since last request: 85.253946 seconds.
  path: Assets/Prefabs/house_ruined 1.prefab
  artifactKey: Guid(09445cab455364c4abd61a1bf271b69d) Importer(815301076,1909f56bfc062723c751e8b465ee728b)
Start importing Assets/Prefabs/house_ruined 1.prefab using Guid(09445cab455364c4abd61a1bf271b69d) Importer(815301076,1909f56bfc062723c751e8b465ee728b)  -> (artifact id: 'c66b2dd849c5f10b3e2eb883a30b3303') in 0.035661 seconds 
  Import took 0.039591 seconds .

========================================================================
Received Import Request.
  Time since last request: 13.539639 seconds.
  path: Assets/Prefabs/house_ruined 1.prefab
  artifactKey: Guid(09445cab455364c4abd61a1bf271b69d) Importer(815301076,1909f56bfc062723c751e8b465ee728b)
Start importing Assets/Prefabs/house_ruined 1.prefab using Guid(09445cab455364c4abd61a1bf271b69d) Importer(815301076,1909f56bfc062723c751e8b465ee728b)  -> (artifact id: 'eaa0c12896e4931cb9547547fdb8a726') in 0.047512 seconds 
  Import took 0.052836 seconds .

========================================================================
Received Import Request.
  Time since last request: 5.202496 seconds.
  path: Assets/Prefabs/house_ruined 1.prefab
  artifactKey: Guid(09445cab455364c4abd61a1bf271b69d) Importer(815301076,1909f56bfc062723c751e8b465ee728b)
Start importing Assets/Prefabs/house_ruined 1.prefab using Guid(09445cab455364c4abd61a1bf271b69d) Importer(815301076,1909f56bfc062723c751e8b465ee728b)  -> (artifact id: '4e53758a3aa8b91849da9c0b99637bbc') in 0.033151 seconds 
  Import took 0.041620 seconds .

========================================================================
Received Import Request.
  Time since last request: 3.727456 seconds.
  path: Assets/Prefabs/house_ruined 1.prefab
  artifactKey: Guid(09445cab455364c4abd61a1bf271b69d) Importer(815301076,1909f56bfc062723c751e8b465ee728b)
Start importing Assets/Prefabs/house_ruined 1.prefab using Guid(09445cab455364c4abd61a1bf271b69d) Importer(815301076,1909f56bfc062723c751e8b465ee728b)  -> (artifact id: '22ea85613769cb5032fc82e9d8d7fa78') in 0.052302 seconds 
  Import took 0.057124 seconds .

========================================================================
Received Import Request.
  Time since last request: 6.548103 seconds.
  path: Assets/Prefabs/house_ruined 1.prefab
  artifactKey: Guid(09445cab455364c4abd61a1bf271b69d) Importer(815301076,1909f56bfc062723c751e8b465ee728b)
Start importing Assets/Prefabs/house_ruined 1.prefab using Guid(09445cab455364c4abd61a1bf271b69d) Importer(815301076,1909f56bfc062723c751e8b465ee728b)  -> (artifact id: 'f2d615b2712b5b090fa5583794fee29b') in 0.032479 seconds 
  Import took 0.037068 seconds .

========================================================================
Received Import Request.
  Time since last request: 3.315769 seconds.
  path: Assets/Prefabs/house_ruined 1.prefab
  artifactKey: Guid(09445cab455364c4abd61a1bf271b69d) Importer(815301076,1909f56bfc062723c751e8b465ee728b)
Start importing Assets/Prefabs/house_ruined 1.prefab using Guid(09445cab455364c4abd61a1bf271b69d) Importer(815301076,1909f56bfc062723c751e8b465ee728b)  -> (artifact id: 'b8f3a386894fad74a5fab2134543fb73') in 0.035781 seconds 
  Import took 0.045987 seconds .

========================================================================
Received Import Request.
  Time since last request: 2.928742 seconds.
  path: Assets/Prefabs/house_ruined 1.prefab
  artifactKey: Guid(09445cab455364c4abd61a1bf271b69d) Importer(815301076,1909f56bfc062723c751e8b465ee728b)
Start importing Assets/Prefabs/house_ruined 1.prefab using Guid(09445cab455364c4abd61a1bf271b69d) Importer(815301076,1909f56bfc062723c751e8b465ee728b)  -> (artifact id: '062bf8dfe57fd987eabb980c0874abc0') in 0.037026 seconds 
  Import took 0.041468 seconds .

========================================================================
Received Import Request.
  Time since last request: 5.424712 seconds.
  path: Assets/Prefabs/house_ruined 1.prefab
  artifactKey: Guid(09445cab455364c4abd61a1bf271b69d) Importer(815301076,1909f56bfc062723c751e8b465ee728b)
Start importing Assets/Prefabs/house_ruined 1.prefab using Guid(09445cab455364c4abd61a1bf271b69d) Importer(815301076,1909f56bfc062723c751e8b465ee728b)  -> (artifact id: 'a9ffcce4445c18a47324301bb9e7e771') in 0.037502 seconds 
  Import took 0.043503 seconds .

========================================================================
Received Import Request.
  Time since last request: 0.781083 seconds.
  path: Assets/Prefabs/house_ruined 1.prefab
  artifactKey: Guid(09445cab455364c4abd61a1bf271b69d) Importer(815301076,1909f56bfc062723c751e8b465ee728b)
Start importing Assets/Prefabs/house_ruined 1.prefab using Guid(09445cab455364c4abd61a1bf271b69d) Importer(815301076,1909f56bfc062723c751e8b465ee728b)  -> (artifact id: 'bcd277501a230e3424100290401065de') in 0.042458 seconds 
  Import took 0.050789 seconds .

========================================================================
Received Import Request.
  Time since last request: 2.486161 seconds.
  path: Assets/Prefabs/house_ruined 1.prefab
  artifactKey: Guid(09445cab455364c4abd61a1bf271b69d) Importer(815301076,1909f56bfc062723c751e8b465ee728b)
Start importing Assets/Prefabs/house_ruined 1.prefab using Guid(09445cab455364c4abd61a1bf271b69d) Importer(815301076,1909f56bfc062723c751e8b465ee728b)  -> (artifact id: '298977296ccf5a548ddec7e65578c98a') in 0.041344 seconds 
  Import took 0.047618 seconds .

========================================================================
Received Import Request.
  Time since last request: 3.694994 seconds.
  path: Assets/Prefabs/house_ruined 1.prefab
  artifactKey: Guid(09445cab455364c4abd61a1bf271b69d) Importer(815301076,1909f56bfc062723c751e8b465ee728b)
Start importing Assets/Prefabs/house_ruined 1.prefab using Guid(09445cab455364c4abd61a1bf271b69d) Importer(815301076,1909f56bfc062723c751e8b465ee728b)  -> (artifact id: '4931b1ec5e1c25840aee2bce58d3fa42') in 0.037120 seconds 
  Import took 0.043406 seconds .

========================================================================
Received Import Request.
  Time since last request: 9.545618 seconds.
  path: Assets/Prefabs/house_ruined 1.prefab
  artifactKey: Guid(09445cab455364c4abd61a1bf271b69d) Importer(815301076,1909f56bfc062723c751e8b465ee728b)
Start importing Assets/Prefabs/house_ruined 1.prefab using Guid(09445cab455364c4abd61a1bf271b69d) Importer(815301076,1909f56bfc062723c751e8b465ee728b)  -> (artifact id: '51e9b559ab0d222d3733b57bee3110f1') in 0.035824 seconds 
  Import took 0.040087 seconds .

========================================================================
Received Import Request.
  Time since last request: 2.807736 seconds.
  path: Assets/Prefabs/house_ruined 1.prefab
  artifactKey: Guid(09445cab455364c4abd61a1bf271b69d) Importer(815301076,1909f56bfc062723c751e8b465ee728b)
Start importing Assets/Prefabs/house_ruined 1.prefab using Guid(09445cab455364c4abd61a1bf271b69d) Importer(815301076,1909f56bfc062723c751e8b465ee728b)  -> (artifact id: 'ed6a6e3bcba393fe2992fc41386186ab') in 0.036353 seconds 
  Import took 0.040049 seconds .

========================================================================
Received Import Request.
  Time since last request: 9.934254 seconds.
  path: Assets/Prefabs/house_ruined 1.prefab
  artifactKey: Guid(09445cab455364c4abd61a1bf271b69d) Importer(815301076,1909f56bfc062723c751e8b465ee728b)
Start importing Assets/Prefabs/house_ruined 1.prefab using Guid(09445cab455364c4abd61a1bf271b69d) Importer(815301076,1909f56bfc062723c751e8b465ee728b)  -> (artifact id: '1131c32e7d1dbf65e2b2c9c939255524') in 0.033876 seconds 
  Import took 0.041602 seconds .

========================================================================
Received Import Request.
  Time since last request: 4.056613 seconds.
  path: Assets/Prefabs/house_ruined 1.prefab
  artifactKey: Guid(09445cab455364c4abd61a1bf271b69d) Importer(815301076,1909f56bfc062723c751e8b465ee728b)
Start importing Assets/Prefabs/house_ruined 1.prefab using Guid(09445cab455364c4abd61a1bf271b69d) Importer(815301076,1909f56bfc062723c751e8b465ee728b)  -> (artifact id: 'c37ec89cdca146267b96ea205aaf3032') in 0.045125 seconds 
  Import took 0.054028 seconds .

========================================================================
Received Import Request.
  Time since last request: 1.471225 seconds.
  path: Assets/Prefabs/house_ruined 1.prefab
  artifactKey: Guid(09445cab455364c4abd61a1bf271b69d) Importer(815301076,1909f56bfc062723c751e8b465ee728b)
Start importing Assets/Prefabs/house_ruined 1.prefab using Guid(09445cab455364c4abd61a1bf271b69d) Importer(815301076,1909f56bfc062723c751e8b465ee728b)  -> (artifact id: 'b01e28cadb64f9f47a0f25b75f841b02') in 0.039323 seconds 
  Import took 0.045556 seconds .

========================================================================
Received Import Request.
  Time since last request: 2.177523 seconds.
  path: Assets/Prefabs/house_ruined 1.prefab
  artifactKey: Guid(09445cab455364c4abd61a1bf271b69d) Importer(815301076,1909f56bfc062723c751e8b465ee728b)
Start importing Assets/Prefabs/house_ruined 1.prefab using Guid(09445cab455364c4abd61a1bf271b69d) Importer(815301076,1909f56bfc062723c751e8b465ee728b)  -> (artifact id: '2eda4f64d8f34ae8da0ad6d6534496d1') in 0.030504 seconds 
  Import took 0.035402 seconds .

========================================================================
Received Import Request.
  Time since last request: 6.305686 seconds.
  path: Assets/Prefabs/house_ruined 1.prefab
  artifactKey: Guid(09445cab455364c4abd61a1bf271b69d) Importer(815301076,1909f56bfc062723c751e8b465ee728b)
Start importing Assets/Prefabs/house_ruined 1.prefab using Guid(09445cab455364c4abd61a1bf271b69d) Importer(815301076,1909f56bfc062723c751e8b465ee728b)  -> (artifact id: '600d10f07de6434471164fb4d7d7b2b6') in 0.042116 seconds 
  Import took 0.048648 seconds .

========================================================================
Received Import Request.
  Time since last request: 9.373839 seconds.
  path: Assets/Prefabs/house_ruined 1.prefab
  artifactKey: Guid(09445cab455364c4abd61a1bf271b69d) Importer(815301076,1909f56bfc062723c751e8b465ee728b)
Start importing Assets/Prefabs/house_ruined 1.prefab using Guid(09445cab455364c4abd61a1bf271b69d) Importer(815301076,1909f56bfc062723c751e8b465ee728b)  -> (artifact id: 'd22161c4b36cff65d9d242747f9d2a7f') in 0.027681 seconds 
  Import took 0.034488 seconds .

========================================================================
Received Import Request.
  Time since last request: 3.405409 seconds.
  path: Assets/Prefabs/house_ruined 1.prefab
  artifactKey: Guid(09445cab455364c4abd61a1bf271b69d) Importer(815301076,1909f56bfc062723c751e8b465ee728b)
Start importing Assets/Prefabs/house_ruined 1.prefab using Guid(09445cab455364c4abd61a1bf271b69d) Importer(815301076,1909f56bfc062723c751e8b465ee728b)  -> (artifact id: '63bb65692a0bf8860c6072cdc180d0c6') in 0.033383 seconds 
  Import took 0.037360 seconds .

========================================================================
Received Import Request.
  Time since last request: 7.866965 seconds.
  path: Assets/Prefabs/house_ruined 1.prefab
  artifactKey: Guid(09445cab455364c4abd61a1bf271b69d) Importer(815301076,1909f56bfc062723c751e8b465ee728b)
Start importing Assets/Prefabs/house_ruined 1.prefab using Guid(09445cab455364c4abd61a1bf271b69d) Importer(815301076,1909f56bfc062723c751e8b465ee728b)  -> (artifact id: '603f0e62b882da5ed1e398d41146ed2e') in 0.037494 seconds 
  Import took 0.042406 seconds .

========================================================================
Received Import Request.
  Time since last request: 3.084455 seconds.
  path: Assets/Prefabs/house_ruined 1.prefab
  artifactKey: Guid(09445cab455364c4abd61a1bf271b69d) Importer(815301076,1909f56bfc062723c751e8b465ee728b)
Start importing Assets/Prefabs/house_ruined 1.prefab using Guid(09445cab455364c4abd61a1bf271b69d) Importer(815301076,1909f56bfc062723c751e8b465ee728b)  -> (artifact id: '940157b1ea68ea8d0d63ac8b74b7e21f') in 0.035765 seconds 
  Import took 0.039706 seconds .

========================================================================
Received Import Request.
  Time since last request: 17.962006 seconds.
  path: Assets/Prefabs/house_ruined 1.prefab
  artifactKey: Guid(09445cab455364c4abd61a1bf271b69d) Importer(815301076,1909f56bfc062723c751e8b465ee728b)
Start importing Assets/Prefabs/house_ruined 1.prefab using Guid(09445cab455364c4abd61a1bf271b69d) Importer(815301076,1909f56bfc062723c751e8b465ee728b)  -> (artifact id: '80a66eb07b10792708f3671ecffeefa7') in 0.033731 seconds 
  Import took 0.040039 seconds .

========================================================================
Received Import Request.
  Time since last request: 27.632131 seconds.
  path: Assets/Prefabs/house_ruined 1.prefab
  artifactKey: Guid(09445cab455364c4abd61a1bf271b69d) Importer(815301076,1909f56bfc062723c751e8b465ee728b)
Start importing Assets/Prefabs/house_ruined 1.prefab using Guid(09445cab455364c4abd61a1bf271b69d) Importer(815301076,1909f56bfc062723c751e8b465ee728b)  -> (artifact id: 'f1454ffa4b81da334fa9e6f2ae1cbb67') in 0.037277 seconds 
  Import took 0.044508 seconds .

========================================================================
Received Import Request.
  Time since last request: 7.655127 seconds.
  path: Assets/Prefabs/house_ruined 1.prefab
  artifactKey: Guid(09445cab455364c4abd61a1bf271b69d) Importer(815301076,1909f56bfc062723c751e8b465ee728b)
Start importing Assets/Prefabs/house_ruined 1.prefab using Guid(09445cab455364c4abd61a1bf271b69d) Importer(815301076,1909f56bfc062723c751e8b465ee728b)  -> (artifact id: '31e1945f46f7142fb34ff9fb842d1887') in 0.031816 seconds 
  Import took 0.035940 seconds .

========================================================================
Received Import Request.
  Time since last request: 24.229887 seconds.
  path: Assets/Prefabs/house_ruined 1.prefab
  artifactKey: Guid(09445cab455364c4abd61a1bf271b69d) Importer(815301076,1909f56bfc062723c751e8b465ee728b)
Start importing Assets/Prefabs/house_ruined 1.prefab using Guid(09445cab455364c4abd61a1bf271b69d) Importer(815301076,1909f56bfc062723c751e8b465ee728b)  -> (artifact id: '796ff32fbec4157ce005194eb39c8d5f') in 0.030979 seconds 
  Import took 0.041211 seconds .

========================================================================
Received Import Request.
  Time since last request: 6.456390 seconds.
  path: Assets/Prefabs/house_ruined 1.prefab
  artifactKey: Guid(09445cab455364c4abd61a1bf271b69d) Importer(815301076,1909f56bfc062723c751e8b465ee728b)
Start importing Assets/Prefabs/house_ruined 1.prefab using Guid(09445cab455364c4abd61a1bf271b69d) Importer(815301076,1909f56bfc062723c751e8b465ee728b)  -> (artifact id: 'c7ac3ef9ca9d79df7754df2e62454e76') in 0.036746 seconds 
  Import took 0.043975 seconds .

========================================================================
Received Import Request.
  Time since last request: 6.237129 seconds.
  path: Assets/Prefabs/house_ruined 1.prefab
  artifactKey: Guid(09445cab455364c4abd61a1bf271b69d) Importer(815301076,1909f56bfc062723c751e8b465ee728b)
Start importing Assets/Prefabs/house_ruined 1.prefab using Guid(09445cab455364c4abd61a1bf271b69d) Importer(815301076,1909f56bfc062723c751e8b465ee728b)  -> (artifact id: 'eb4cfa0590f3c1879cbc5f9790191168') in 0.036048 seconds 
  Import took 0.042622 seconds .

========================================================================
Received Import Request.
  Time since last request: 5.136281 seconds.
  path: Assets/Prefabs/house_ruined 1.prefab
  artifactKey: Guid(09445cab455364c4abd61a1bf271b69d) Importer(815301076,1909f56bfc062723c751e8b465ee728b)
Start importing Assets/Prefabs/house_ruined 1.prefab using Guid(09445cab455364c4abd61a1bf271b69d) Importer(815301076,1909f56bfc062723c751e8b465ee728b)  -> (artifact id: '06c98a8f688dbc18afca3897bf9aeb06') in 0.036186 seconds 
  Import took 0.043968 seconds .

========================================================================
Received Import Request.
  Time since last request: 4.687204 seconds.
  path: Assets/Prefabs/house_ruined 1.prefab
  artifactKey: Guid(09445cab455364c4abd61a1bf271b69d) Importer(815301076,1909f56bfc062723c751e8b465ee728b)
Start importing Assets/Prefabs/house_ruined 1.prefab using Guid(09445cab455364c4abd61a1bf271b69d) Importer(815301076,1909f56bfc062723c751e8b465ee728b)  -> (artifact id: 'e6d3be3682af7504320239245166c757') in 0.034007 seconds 
  Import took 0.039398 seconds .

========================================================================
Received Import Request.
  Time since last request: 5.571440 seconds.
  path: Assets/Prefabs/house_ruined 1.prefab
  artifactKey: Guid(09445cab455364c4abd61a1bf271b69d) Importer(815301076,1909f56bfc062723c751e8b465ee728b)
Start importing Assets/Prefabs/house_ruined 1.prefab using Guid(09445cab455364c4abd61a1bf271b69d) Importer(815301076,1909f56bfc062723c751e8b465ee728b)  -> (artifact id: '193bd4ad8df189c3deac91882609944c') in 0.035257 seconds 
  Import took 0.041749 seconds .

========================================================================
Received Import Request.
  Time since last request: 1.769572 seconds.
  path: Assets/Prefabs/house_ruined 1.prefab
  artifactKey: Guid(09445cab455364c4abd61a1bf271b69d) Importer(815301076,1909f56bfc062723c751e8b465ee728b)
Start importing Assets/Prefabs/house_ruined 1.prefab using Guid(09445cab455364c4abd61a1bf271b69d) Importer(815301076,1909f56bfc062723c751e8b465ee728b)  -> (artifact id: '79c34e71f204ab3f2bc18e9bb0a07dd6') in 0.034673 seconds 
  Import took 0.040721 seconds .

========================================================================
Received Import Request.
  Time since last request: 2.091193 seconds.
  path: Assets/Prefabs/house_ruined 1.prefab
  artifactKey: Guid(09445cab455364c4abd61a1bf271b69d) Importer(815301076,1909f56bfc062723c751e8b465ee728b)
Start importing Assets/Prefabs/house_ruined 1.prefab using Guid(09445cab455364c4abd61a1bf271b69d) Importer(815301076,1909f56bfc062723c751e8b465ee728b)  -> (artifact id: 'ca9e0b16b86e45925b1bcd7fbad4e560') in 0.034018 seconds 
  Import took 0.041724 seconds .

========================================================================
Received Import Request.
  Time since last request: 3.531959 seconds.
  path: Assets/Prefabs/house_ruined 1.prefab
  artifactKey: Guid(09445cab455364c4abd61a1bf271b69d) Importer(815301076,1909f56bfc062723c751e8b465ee728b)
Start importing Assets/Prefabs/house_ruined 1.prefab using Guid(09445cab455364c4abd61a1bf271b69d) Importer(815301076,1909f56bfc062723c751e8b465ee728b)  -> (artifact id: '68a6f3d2ca5b182e671430620a10a094') in 0.046777 seconds 
  Import took 0.052394 seconds .

========================================================================
Received Import Request.
  Time since last request: 3.111252 seconds.
  path: Assets/Prefabs/house_ruined 1.prefab
  artifactKey: Guid(09445cab455364c4abd61a1bf271b69d) Importer(815301076,1909f56bfc062723c751e8b465ee728b)
Start importing Assets/Prefabs/house_ruined 1.prefab using Guid(09445cab455364c4abd61a1bf271b69d) Importer(815301076,1909f56bfc062723c751e8b465ee728b)  -> (artifact id: '3f44270e005bf560f48c9321fe931ae7') in 0.047081 seconds 
  Import took 0.053197 seconds .

========================================================================
Received Import Request.
  Time since last request: 23.663039 seconds.
  path: Assets/Prefabs/house_ruined 1.prefab
  artifactKey: Guid(09445cab455364c4abd61a1bf271b69d) Importer(815301076,1909f56bfc062723c751e8b465ee728b)
Start importing Assets/Prefabs/house_ruined 1.prefab using Guid(09445cab455364c4abd61a1bf271b69d) Importer(815301076,1909f56bfc062723c751e8b465ee728b)  -> (artifact id: '02a18cb4f42bf8d74beb0ddd04b0c5ed') in 0.038125 seconds 
  Import took 0.042073 seconds .

========================================================================
Received Import Request.
  Time since last request: 7.202771 seconds.
  path: Assets/Prefabs/house_ruined 1.prefab
  artifactKey: Guid(09445cab455364c4abd61a1bf271b69d) Importer(815301076,1909f56bfc062723c751e8b465ee728b)
Start importing Assets/Prefabs/house_ruined 1.prefab using Guid(09445cab455364c4abd61a1bf271b69d) Importer(815301076,1909f56bfc062723c751e8b465ee728b)  -> (artifact id: '31f134050693dec3304d684739611d7a') in 0.039135 seconds 
  Import took 0.045231 seconds .

========================================================================
Received Import Request.
  Time since last request: 10.636318 seconds.
  path: Assets/Prefabs/house_ruined 1.prefab
  artifactKey: Guid(09445cab455364c4abd61a1bf271b69d) Importer(815301076,1909f56bfc062723c751e8b465ee728b)
Start importing Assets/Prefabs/house_ruined 1.prefab using Guid(09445cab455364c4abd61a1bf271b69d) Importer(815301076,1909f56bfc062723c751e8b465ee728b)  -> (artifact id: '3f90da0c02e9e8df068d80cc8a1039a3') in 0.034079 seconds 
  Import took 0.038855 seconds .

========================================================================
Received Import Request.
  Time since last request: 2.621487 seconds.
  path: Assets/Prefabs/house_ruined 1.prefab
  artifactKey: Guid(09445cab455364c4abd61a1bf271b69d) Importer(815301076,1909f56bfc062723c751e8b465ee728b)
Start importing Assets/Prefabs/house_ruined 1.prefab using Guid(09445cab455364c4abd61a1bf271b69d) Importer(815301076,1909f56bfc062723c751e8b465ee728b)  -> (artifact id: '0e9f88dbdfeda617267717ea700db2d3') in 0.034688 seconds 
  Import took 0.038785 seconds .

========================================================================
Received Import Request.
  Time since last request: 4.934577 seconds.
  path: Assets/Prefabs/house_ruined 1.prefab
  artifactKey: Guid(09445cab455364c4abd61a1bf271b69d) Importer(815301076,1909f56bfc062723c751e8b465ee728b)
Start importing Assets/Prefabs/house_ruined 1.prefab using Guid(09445cab455364c4abd61a1bf271b69d) Importer(815301076,1909f56bfc062723c751e8b465ee728b)  -> (artifact id: '3d2ffb0289a34a97c52e4bc598678d34') in 0.040734 seconds 
  Import took 0.046685 seconds .

========================================================================
Received Import Request.
  Time since last request: 3.534941 seconds.
  path: Assets/Prefabs/house_ruined 1.prefab
  artifactKey: Guid(09445cab455364c4abd61a1bf271b69d) Importer(815301076,1909f56bfc062723c751e8b465ee728b)
Start importing Assets/Prefabs/house_ruined 1.prefab using Guid(09445cab455364c4abd61a1bf271b69d) Importer(815301076,1909f56bfc062723c751e8b465ee728b)  -> (artifact id: 'a17fddf3a924d9974571b1e676efbee9') in 0.036508 seconds 
  Import took 0.042972 seconds .

========================================================================
Received Import Request.
  Time since last request: 4.918057 seconds.
  path: Assets/Prefabs/house_ruined 1.prefab
  artifactKey: Guid(09445cab455364c4abd61a1bf271b69d) Importer(815301076,1909f56bfc062723c751e8b465ee728b)
Start importing Assets/Prefabs/house_ruined 1.prefab using Guid(09445cab455364c4abd61a1bf271b69d) Importer(815301076,1909f56bfc062723c751e8b465ee728b)  -> (artifact id: '613d6db6950eb7b18ad47b62766f5c81') in 0.038740 seconds 
  Import took 0.044616 seconds .

========================================================================
Received Import Request.
  Time since last request: 14.862974 seconds.
  path: Assets/Prefabs/house_ruined 1.prefab
  artifactKey: Guid(09445cab455364c4abd61a1bf271b69d) Importer(815301076,1909f56bfc062723c751e8b465ee728b)
Start importing Assets/Prefabs/house_ruined 1.prefab using Guid(09445cab455364c4abd61a1bf271b69d) Importer(815301076,1909f56bfc062723c751e8b465ee728b)  -> (artifact id: '990696f8e671add0c42a5f605de10c32') in 0.056916 seconds 
  Import took 0.061718 seconds .

========================================================================
Received Import Request.
  Time since last request: 4.523383 seconds.
  path: Assets/Prefabs/house_ruined 1.prefab
  artifactKey: Guid(09445cab455364c4abd61a1bf271b69d) Importer(815301076,1909f56bfc062723c751e8b465ee728b)
Start importing Assets/Prefabs/house_ruined 1.prefab using Guid(09445cab455364c4abd61a1bf271b69d) Importer(815301076,1909f56bfc062723c751e8b465ee728b)  -> (artifact id: 'fb981f671203ae1f1ab8753c093fdc27') in 0.033163 seconds 
  Import took 0.037635 seconds .

========================================================================
Received Import Request.
  Time since last request: 2.913254 seconds.
  path: Assets/Prefabs/house_ruined 1.prefab
  artifactKey: Guid(09445cab455364c4abd61a1bf271b69d) Importer(815301076,1909f56bfc062723c751e8b465ee728b)
Start importing Assets/Prefabs/house_ruined 1.prefab using Guid(09445cab455364c4abd61a1bf271b69d) Importer(815301076,1909f56bfc062723c751e8b465ee728b)  -> (artifact id: '244cfd77e02cd6272489562372d91eca') in 0.037348 seconds 
  Import took 0.045055 seconds .

========================================================================
Received Import Request.
  Time since last request: 1.699261 seconds.
  path: Assets/Prefabs/house_ruined 1.prefab
  artifactKey: Guid(09445cab455364c4abd61a1bf271b69d) Importer(815301076,1909f56bfc062723c751e8b465ee728b)
Start importing Assets/Prefabs/house_ruined 1.prefab using Guid(09445cab455364c4abd61a1bf271b69d) Importer(815301076,1909f56bfc062723c751e8b465ee728b)  -> (artifact id: '829d8de76f481cfe67a21fb6823c5873') in 0.030927 seconds 
  Import took 0.036982 seconds .

========================================================================
Received Import Request.
  Time since last request: 5.216739 seconds.
  path: Assets/Prefabs/house_ruined 1.prefab
  artifactKey: Guid(09445cab455364c4abd61a1bf271b69d) Importer(815301076,1909f56bfc062723c751e8b465ee728b)
Start importing Assets/Prefabs/house_ruined 1.prefab using Guid(09445cab455364c4abd61a1bf271b69d) Importer(815301076,1909f56bfc062723c751e8b465ee728b)  -> (artifact id: 'c1be8c8f7030651aa0542675c2f56e2c') in 0.032822 seconds 
  Import took 0.036963 seconds .

========================================================================
Received Import Request.
  Time since last request: 5.041584 seconds.
  path: Assets/Prefabs/house_ruined 1.prefab
  artifactKey: Guid(09445cab455364c4abd61a1bf271b69d) Importer(815301076,1909f56bfc062723c751e8b465ee728b)
Start importing Assets/Prefabs/house_ruined 1.prefab using Guid(09445cab455364c4abd61a1bf271b69d) Importer(815301076,1909f56bfc062723c751e8b465ee728b)  -> (artifact id: '28910570fe1034458c4aa6e3bbf74e06') in 0.036318 seconds 
  Import took 0.041083 seconds .

========================================================================
Received Import Request.
  Time since last request: 4.434902 seconds.
  path: Assets/Prefabs/house_ruined 1.prefab
  artifactKey: Guid(09445cab455364c4abd61a1bf271b69d) Importer(815301076,1909f56bfc062723c751e8b465ee728b)
Start importing Assets/Prefabs/house_ruined 1.prefab using Guid(09445cab455364c4abd61a1bf271b69d) Importer(815301076,1909f56bfc062723c751e8b465ee728b)  -> (artifact id: '04129d380f1c0c16f0779b1638bac163') in 0.038721 seconds 
  Import took 0.044675 seconds .

========================================================================
Received Import Request.
  Time since last request: 4.845432 seconds.
  path: Assets/Prefabs/house_ruined 1.prefab
  artifactKey: Guid(09445cab455364c4abd61a1bf271b69d) Importer(815301076,1909f56bfc062723c751e8b465ee728b)
Start importing Assets/Prefabs/house_ruined 1.prefab using Guid(09445cab455364c4abd61a1bf271b69d) Importer(815301076,1909f56bfc062723c751e8b465ee728b)  -> (artifact id: 'da90d11cb9b7a27770de118ea4af010f') in 0.037338 seconds 
  Import took 0.043286 seconds .

========================================================================
Received Import Request.
  Time since last request: 4.508324 seconds.
  path: Assets/Prefabs/house_ruined 1.prefab
  artifactKey: Guid(09445cab455364c4abd61a1bf271b69d) Importer(815301076,1909f56bfc062723c751e8b465ee728b)
Start importing Assets/Prefabs/house_ruined 1.prefab using Guid(09445cab455364c4abd61a1bf271b69d) Importer(815301076,1909f56bfc062723c751e8b465ee728b)  -> (artifact id: '3d206e0fc11a0ce9ad6e2ae6496a449d') in 0.036759 seconds 
  Import took 0.042463 seconds .

========================================================================
Received Import Request.
  Time since last request: 5.910596 seconds.
  path: Assets/Prefabs/house_ruined 1.prefab
  artifactKey: Guid(09445cab455364c4abd61a1bf271b69d) Importer(815301076,1909f56bfc062723c751e8b465ee728b)
Start importing Assets/Prefabs/house_ruined 1.prefab using Guid(09445cab455364c4abd61a1bf271b69d) Importer(815301076,1909f56bfc062723c751e8b465ee728b)  -> (artifact id: 'c5eb437313e033cbfedf309bf2bcec68') in 0.036630 seconds 
  Import took 0.041920 seconds .

========================================================================
Received Import Request.
  Time since last request: 8.025960 seconds.
  path: Assets/Prefabs/house_ruined 1.prefab
  artifactKey: Guid(09445cab455364c4abd61a1bf271b69d) Importer(815301076,1909f56bfc062723c751e8b465ee728b)
Start importing Assets/Prefabs/house_ruined 1.prefab using Guid(09445cab455364c4abd61a1bf271b69d) Importer(815301076,1909f56bfc062723c751e8b465ee728b)  -> (artifact id: '0f5e1387542ba804f2b4e2674e414157') in 0.040816 seconds 
  Import took 0.047598 seconds .

========================================================================
Received Import Request.
  Time since last request: 3.411615 seconds.
  path: Assets/Prefabs/house_ruined 1.prefab
  artifactKey: Guid(09445cab455364c4abd61a1bf271b69d) Importer(815301076,1909f56bfc062723c751e8b465ee728b)
Start importing Assets/Prefabs/house_ruined 1.prefab using Guid(09445cab455364c4abd61a1bf271b69d) Importer(815301076,1909f56bfc062723c751e8b465ee728b)  -> (artifact id: '0e57afd9281260d54f3fc62742278610') in 0.033295 seconds 
  Import took 0.038141 seconds .

========================================================================
Received Import Request.
  Time since last request: 4.830780 seconds.
  path: Assets/Prefabs/house_ruined 1.prefab
  artifactKey: Guid(09445cab455364c4abd61a1bf271b69d) Importer(815301076,1909f56bfc062723c751e8b465ee728b)
Start importing Assets/Prefabs/house_ruined 1.prefab using Guid(09445cab455364c4abd61a1bf271b69d) Importer(815301076,1909f56bfc062723c751e8b465ee728b)  -> (artifact id: '65c32941b76ae49e38e06306779a572d') in 0.040986 seconds 
  Import took 0.046934 seconds .

========================================================================
Received Import Request.
  Time since last request: 2.003350 seconds.
  path: Assets/Prefabs/house_ruined 1.prefab
  artifactKey: Guid(09445cab455364c4abd61a1bf271b69d) Importer(815301076,1909f56bfc062723c751e8b465ee728b)
Start importing Assets/Prefabs/house_ruined 1.prefab using Guid(09445cab455364c4abd61a1bf271b69d) Importer(815301076,1909f56bfc062723c751e8b465ee728b)  -> (artifact id: 'dd2d101fb1381de6349c8f609a5942e9') in 0.031894 seconds 
  Import took 0.039691 seconds .

========================================================================
Received Import Request.
  Time since last request: 5.120791 seconds.
  path: Assets/Prefabs/house_ruined 1.prefab
  artifactKey: Guid(09445cab455364c4abd61a1bf271b69d) Importer(815301076,1909f56bfc062723c751e8b465ee728b)
Start importing Assets/Prefabs/house_ruined 1.prefab using Guid(09445cab455364c4abd61a1bf271b69d) Importer(815301076,1909f56bfc062723c751e8b465ee728b)  -> (artifact id: '41df4e36d7f49b6e0da224e0fa149be7') in 0.033850 seconds 
  Import took 0.040167 seconds .

========================================================================
Received Import Request.
  Time since last request: 6.374177 seconds.
  path: Assets/Prefabs/house_ruined 1.prefab
  artifactKey: Guid(09445cab455364c4abd61a1bf271b69d) Importer(815301076,1909f56bfc062723c751e8b465ee728b)
Start importing Assets/Prefabs/house_ruined 1.prefab using Guid(09445cab455364c4abd61a1bf271b69d) Importer(815301076,1909f56bfc062723c751e8b465ee728b)  -> (artifact id: '5cdd3a7db5a9824867c0e4ede1b75566') in 0.035430 seconds 
  Import took 0.040165 seconds .

========================================================================
Received Import Request.
  Time since last request: 6.589939 seconds.
  path: Assets/Prefabs/house_ruined 1.prefab
  artifactKey: Guid(09445cab455364c4abd61a1bf271b69d) Importer(815301076,1909f56bfc062723c751e8b465ee728b)
Start importing Assets/Prefabs/house_ruined 1.prefab using Guid(09445cab455364c4abd61a1bf271b69d) Importer(815301076,1909f56bfc062723c751e8b465ee728b)  -> (artifact id: '59e930e594fd30facbb7e57d01deda7f') in 0.033231 seconds 
  Import took 0.038176 seconds .

========================================================================
Received Import Request.
  Time since last request: 46.995264 seconds.
  path: Assets/Prefabs/house_ruined 1.prefab
  artifactKey: Guid(09445cab455364c4abd61a1bf271b69d) Importer(815301076,1909f56bfc062723c751e8b465ee728b)
Start importing Assets/Prefabs/house_ruined 1.prefab using Guid(09445cab455364c4abd61a1bf271b69d) Importer(815301076,1909f56bfc062723c751e8b465ee728b)  -> (artifact id: '7003c2d71c454fcd544ecbda1c61a94c') in 0.036571 seconds 
  Import took 0.040673 seconds .

========================================================================
Received Import Request.
  Time since last request: 5.881831 seconds.
  path: Assets/Prefabs/house_ruined 1.prefab
  artifactKey: Guid(09445cab455364c4abd61a1bf271b69d) Importer(815301076,1909f56bfc062723c751e8b465ee728b)
Start importing Assets/Prefabs/house_ruined 1.prefab using Guid(09445cab455364c4abd61a1bf271b69d) Importer(815301076,1909f56bfc062723c751e8b465ee728b)  -> (artifact id: '21e379c6e33c204ce0333eff978e01aa') in 0.046683 seconds 
  Import took 0.052559 seconds .

========================================================================
Received Import Request.
  Time since last request: 10.948994 seconds.
  path: Assets/Prefabs/house_ruined 1.prefab
  artifactKey: Guid(09445cab455364c4abd61a1bf271b69d) Importer(815301076,1909f56bfc062723c751e8b465ee728b)
Start importing Assets/Prefabs/house_ruined 1.prefab using Guid(09445cab455364c4abd61a1bf271b69d) Importer(815301076,1909f56bfc062723c751e8b465ee728b)  -> (artifact id: '38f954ffb1a7ccea64d5d233d90d80dd') in 0.028854 seconds 
  Import took 0.034876 seconds .

========================================================================
Received Import Request.
  Time since last request: 12.331668 seconds.
  path: Assets/Prefabs/house_ruined 1.prefab
  artifactKey: Guid(09445cab455364c4abd61a1bf271b69d) Importer(815301076,1909f56bfc062723c751e8b465ee728b)
Start importing Assets/Prefabs/house_ruined 1.prefab using Guid(09445cab455364c4abd61a1bf271b69d) Importer(815301076,1909f56bfc062723c751e8b465ee728b)  -> (artifact id: '15f467c07242978895a1ba7e0bc62cee') in 0.036025 seconds 
  Import took 0.043395 seconds .

========================================================================
Received Import Request.
  Time since last request: 24.891741 seconds.
  path: Assets/Prefabs/house_ruined 1.prefab
  artifactKey: Guid(09445cab455364c4abd61a1bf271b69d) Importer(815301076,1909f56bfc062723c751e8b465ee728b)
Start importing Assets/Prefabs/house_ruined 1.prefab using Guid(09445cab455364c4abd61a1bf271b69d) Importer(815301076,1909f56bfc062723c751e8b465ee728b)  -> (artifact id: '3646a7968d52693c69a95d05379da2a1') in 0.035005 seconds 
  Import took 0.039052 seconds .

========================================================================
Received Import Request.
  Time since last request: 4.392153 seconds.
  path: Assets/Prefabs/house_ruined 1.prefab
  artifactKey: Guid(09445cab455364c4abd61a1bf271b69d) Importer(815301076,1909f56bfc062723c751e8b465ee728b)
Start importing Assets/Prefabs/house_ruined 1.prefab using Guid(09445cab455364c4abd61a1bf271b69d) Importer(815301076,1909f56bfc062723c751e8b465ee728b)  -> (artifact id: '9e0879ed6fdf62c2c7c42747f894262d') in 0.043071 seconds 
  Import took 0.048040 seconds .

========================================================================
Received Import Request.
  Time since last request: 15.938303 seconds.
  path: Assets/Prefabs/house_ruined 1.prefab
  artifactKey: Guid(09445cab455364c4abd61a1bf271b69d) Importer(815301076,1909f56bfc062723c751e8b465ee728b)
Start importing Assets/Prefabs/house_ruined 1.prefab using Guid(09445cab455364c4abd61a1bf271b69d) Importer(815301076,1909f56bfc062723c751e8b465ee728b)  -> (artifact id: 'f9fd71ed629c044ec080f64957ece92b') in 0.045461 seconds 
  Import took 0.052749 seconds .

========================================================================
Received Import Request.
  Time since last request: 7.475114 seconds.
  path: Assets/Prefabs/house_ruined 1.prefab
  artifactKey: Guid(09445cab455364c4abd61a1bf271b69d) Importer(815301076,1909f56bfc062723c751e8b465ee728b)
Start importing Assets/Prefabs/house_ruined 1.prefab using Guid(09445cab455364c4abd61a1bf271b69d) Importer(815301076,1909f56bfc062723c751e8b465ee728b)  -> (artifact id: '27a21b1d36105c4121da27cdb4d299aa') in 0.038501 seconds 
  Import took 0.042321 seconds .

========================================================================
Received Import Request.
  Time since last request: 4.727353 seconds.
  path: Assets/Prefabs/house_ruined 1.prefab
  artifactKey: Guid(09445cab455364c4abd61a1bf271b69d) Importer(815301076,1909f56bfc062723c751e8b465ee728b)
Start importing Assets/Prefabs/house_ruined 1.prefab using Guid(09445cab455364c4abd61a1bf271b69d) Importer(815301076,1909f56bfc062723c751e8b465ee728b)  -> (artifact id: '77990f36b12caca60c33a7212a13772d') in 0.033235 seconds 
  Import took 0.040754 seconds .

========================================================================
Received Import Request.
  Time since last request: 4.607516 seconds.
  path: Assets/Prefabs/house_ruined 1.prefab
  artifactKey: Guid(09445cab455364c4abd61a1bf271b69d) Importer(815301076,1909f56bfc062723c751e8b465ee728b)
Start importing Assets/Prefabs/house_ruined 1.prefab using Guid(09445cab455364c4abd61a1bf271b69d) Importer(815301076,1909f56bfc062723c751e8b465ee728b)  -> (artifact id: 'd358e573074a8f0dac02d86b42335b4d') in 0.031291 seconds 
  Import took 0.036268 seconds .

========================================================================
Received Import Request.
  Time since last request: 2.996905 seconds.
  path: Assets/Prefabs/house_ruined 1.prefab
  artifactKey: Guid(09445cab455364c4abd61a1bf271b69d) Importer(815301076,1909f56bfc062723c751e8b465ee728b)
Start importing Assets/Prefabs/house_ruined 1.prefab using Guid(09445cab455364c4abd61a1bf271b69d) Importer(815301076,1909f56bfc062723c751e8b465ee728b)  -> (artifact id: 'b1f01d95d3147602a28629bb66254387') in 0.038320 seconds 
  Import took 0.046889 seconds .

========================================================================
Received Import Request.
  Time since last request: 6.232070 seconds.
  path: Assets/Prefabs/house_ruined 1.prefab
  artifactKey: Guid(09445cab455364c4abd61a1bf271b69d) Importer(815301076,1909f56bfc062723c751e8b465ee728b)
Start importing Assets/Prefabs/house_ruined 1.prefab using Guid(09445cab455364c4abd61a1bf271b69d) Importer(815301076,1909f56bfc062723c751e8b465ee728b)  -> (artifact id: '33a2b4b39dfcecd613f193d115cd6472') in 0.035997 seconds 
  Import took 0.041545 seconds .

========================================================================
Received Import Request.
  Time since last request: 3.836639 seconds.
  path: Assets/Prefabs/house_ruined 1.prefab
  artifactKey: Guid(09445cab455364c4abd61a1bf271b69d) Importer(815301076,1909f56bfc062723c751e8b465ee728b)
Start importing Assets/Prefabs/house_ruined 1.prefab using Guid(09445cab455364c4abd61a1bf271b69d) Importer(815301076,1909f56bfc062723c751e8b465ee728b)  -> (artifact id: '3bf2394a9c58f7f1a4999a2aa0b3244e') in 0.035437 seconds 
  Import took 0.041252 seconds .

========================================================================
Received Import Request.
  Time since last request: 2.296469 seconds.
  path: Assets/Prefabs/house_ruined 1.prefab
  artifactKey: Guid(09445cab455364c4abd61a1bf271b69d) Importer(815301076,1909f56bfc062723c751e8b465ee728b)
Start importing Assets/Prefabs/house_ruined 1.prefab using Guid(09445cab455364c4abd61a1bf271b69d) Importer(815301076,1909f56bfc062723c751e8b465ee728b)  -> (artifact id: 'a7c6e401efeff52a8183a00901fb37c1') in 0.031244 seconds 
  Import took 0.039175 seconds .

========================================================================
Received Import Request.
  Time since last request: 4.339323 seconds.
  path: Assets/Prefabs/house_ruined 1.prefab
  artifactKey: Guid(09445cab455364c4abd61a1bf271b69d) Importer(815301076,1909f56bfc062723c751e8b465ee728b)
Start importing Assets/Prefabs/house_ruined 1.prefab using Guid(09445cab455364c4abd61a1bf271b69d) Importer(815301076,1909f56bfc062723c751e8b465ee728b)  -> (artifact id: '520534b172af09983125dd94bf87d22d') in 0.037309 seconds 
  Import took 0.043316 seconds .

========================================================================
Received Import Request.
  Time since last request: 5.838965 seconds.
  path: Assets/Prefabs/house_ruined 1.prefab
  artifactKey: Guid(09445cab455364c4abd61a1bf271b69d) Importer(815301076,1909f56bfc062723c751e8b465ee728b)
Start importing Assets/Prefabs/house_ruined 1.prefab using Guid(09445cab455364c4abd61a1bf271b69d) Importer(815301076,1909f56bfc062723c751e8b465ee728b)  -> (artifact id: '20166d5054bf802e71c18b8ed7caf765') in 0.032909 seconds 
  Import took 0.036985 seconds .

========================================================================
Received Import Request.
  Time since last request: 4.002211 seconds.
  path: Assets/Prefabs/house_ruined 1.prefab
  artifactKey: Guid(09445cab455364c4abd61a1bf271b69d) Importer(815301076,1909f56bfc062723c751e8b465ee728b)
Start importing Assets/Prefabs/house_ruined 1.prefab using Guid(09445cab455364c4abd61a1bf271b69d) Importer(815301076,1909f56bfc062723c751e8b465ee728b)  -> (artifact id: '1200f58bdad60dfa8e59ffda70a9c293') in 0.038246 seconds 
  Import took 0.043064 seconds .

========================================================================
Received Prepare
Registering precompiled user dll's ...
Registered in 0.009447 seconds.
Begin MonoManager ReloadAssembly
Native extension for WindowsStandalone target not found
Refreshing native plugins compatible for Editor in 0.92 ms, found 2 plugins.
Preloading 0 native plugins for Editor in 0.00 ms.
Mono: successfully reloaded assembly
- Completed reload, in  1.909 seconds
Domain Reload Profiling:
	ReloadAssembly (1910ms)
		BeginReloadAssembly (159ms)
			ExecutionOrderSort (0ms)
			DisableScriptedObjects (7ms)
			BackupInstance (0ms)
			ReleaseScriptingObjects (0ms)
			CreateAndSetChildDomain (49ms)
		EndReloadAssembly (1622ms)
			LoadAssemblies (200ms)
			RebuildTransferFunctionScriptingTraits (1ms)
			SetupTypeCache (501ms)
			ReleaseScriptCaches (1ms)
			RebuildScriptCaches (40ms)
			SetupLoadedEditorAssemblies (659ms)
				LogAssemblyErrors (0ms)
				InitializePlatformSupportModulesInManaged (12ms)
				SetLoadedEditorAssemblies (1ms)
				RefreshPlugins (1ms)
				BeforeProcessingInitializeOnLoad (203ms)
				ProcessInitializeOnLoadAttributes (429ms)
				ProcessInitializeOnLoadMethodAttributes (6ms)
				AfterProcessingInitializeOnLoad (6ms)
				EditorAssembliesLoaded (0ms)
			ExecutionOrderSort2 (0ms)
			AwakeInstancesAfterBackupRestoration (8ms)
Platform modules already initialized, skipping
Refreshing native plugins compatible for Editor in 0.46 ms, found 2 plugins.
Preloading 0 native plugins for Editor in 0.00 ms.
Unloading 1620 Unused Serialized files (Serialized files now loaded: 0)
System memory in use before: 184.7 MB.
System memory in use after: 184.8 MB.

Unloading 15 unused Assets to reduce memory usage. Loaded Objects now: 2165.
Total: 3.156900 ms (FindLiveObjects: 0.205300 ms CreateObjectMapping: 0.072400 ms MarkObjects: 2.801700 ms  DeleteObjects: 0.075700 ms)

AssetImportParameters requested are different than current active one (requested -> active):
  custom:framework-win-MediaFoundation: 216162199b28c13a410421893ffa2e32 -> 
  custom:video-decoder-ogg-theora: a1e56fd34408186e4bbccfd4996cb3dc -> 
  custom:container-muxer-webm: aa71ff27fc2769a1b78a27578f13a17b -> 
  custom:container-demuxer-webm: 4f35f7cbe854078d1ac9338744f61a02 -> 
  custom:container-demuxer-ogg: 62fdf1f143b41e24485cea50d1cbac27 -> 
  custom:video-encoder-webm-vp8: eb34c28f22e8b96e1ab97ce403110664 -> 
  custom:video-codec-MediaFoundation-h265: 746d11721c4dcdbdad8f713fa42b33f4 -> 
  custom:video-decoder-webm-vp8: 9c59270c3fd7afecdb556c50c9e8de78 -> 
  custom:audio-decoder-ogg-vorbis: bf7c407c2cedff20999df2af8eb42d56 -> 
  custom:audio-encoder-webm-vorbis: bf7c407c2cedff20999df2af8eb42d56 -> 
========================================================================
Received Prepare
Registering precompiled user dll's ...
Registered in 0.008083 seconds.
Begin MonoManager ReloadAssembly
Native extension for WindowsStandalone target not found
Refreshing native plugins compatible for Editor in 0.97 ms, found 2 plugins.
Preloading 0 native plugins for Editor in 0.00 ms.
Mono: successfully reloaded assembly
- Completed reload, in  1.671 seconds
Domain Reload Profiling:
	ReloadAssembly (1672ms)
		BeginReloadAssembly (172ms)
			ExecutionOrderSort (0ms)
			DisableScriptedObjects (5ms)
			BackupInstance (0ms)
			ReleaseScriptingObjects (0ms)
			CreateAndSetChildDomain (51ms)
		EndReloadAssembly (1375ms)
			LoadAssemblies (171ms)
			RebuildTransferFunctionScriptingTraits (0ms)
			SetupTypeCache (420ms)
			ReleaseScriptCaches (1ms)
			RebuildScriptCaches (49ms)
			SetupLoadedEditorAssemblies (561ms)
				LogAssemblyErrors (0ms)
				InitializePlatformSupportModulesInManaged (12ms)
				SetLoadedEditorAssemblies (1ms)
				RefreshPlugins (1ms)
				BeforeProcessingInitializeOnLoad (176ms)
				ProcessInitializeOnLoadAttributes (355ms)
				ProcessInitializeOnLoadMethodAttributes (8ms)
				AfterProcessingInitializeOnLoad (8ms)
				EditorAssembliesLoaded (0ms)
			ExecutionOrderSort2 (0ms)
			AwakeInstancesAfterBackupRestoration (16ms)
Platform modules already initialized, skipping
Refreshing native plugins compatible for Editor in 0.88 ms, found 2 plugins.
Preloading 0 native plugins for Editor in 0.00 ms.
Unloading 1620 Unused Serialized files (Serialized files now loaded: 0)
System memory in use before: 184.7 MB.
System memory in use after: 184.8 MB.

Unloading 14 unused Assets to reduce memory usage. Loaded Objects now: 2168.
Total: 2.456400 ms (FindLiveObjects: 0.699100 ms CreateObjectMapping: 0.091000 ms MarkObjects: 1.631100 ms  DeleteObjects: 0.033600 ms)

AssetImportParameters requested are different than current active one (requested -> active):
  custom:framework-win-MediaFoundation: 216162199b28c13a410421893ffa2e32 -> 
  custom:video-decoder-ogg-theora: a1e56fd34408186e4bbccfd4996cb3dc -> 
  custom:container-muxer-webm: aa71ff27fc2769a1b78a27578f13a17b -> 
  custom:container-demuxer-webm: 4f35f7cbe854078d1ac9338744f61a02 -> 
  custom:container-demuxer-ogg: 62fdf1f143b41e24485cea50d1cbac27 -> 
  custom:video-encoder-webm-vp8: eb34c28f22e8b96e1ab97ce403110664 -> 
  custom:video-codec-MediaFoundation-h265: 746d11721c4dcdbdad8f713fa42b33f4 -> 
  custom:video-decoder-webm-vp8: 9c59270c3fd7afecdb556c50c9e8de78 -> 
  custom:audio-decoder-ogg-vorbis: bf7c407c2cedff20999df2af8eb42d56 -> 
  custom:audio-encoder-webm-vorbis: bf7c407c2cedff20999df2af8eb42d56 -> 
========================================================================
Received Prepare
Registering precompiled user dll's ...
Registered in 0.007706 seconds.
Begin MonoManager ReloadAssembly
Native extension for WindowsStandalone target not found
Refreshing native plugins compatible for Editor in 0.46 ms, found 2 plugins.
Preloading 0 native plugins for Editor in 0.00 ms.
Mono: successfully reloaded assembly
- Completed reload, in  1.524 seconds
Domain Reload Profiling:
	ReloadAssembly (1524ms)
		BeginReloadAssembly (180ms)
			ExecutionOrderSort (0ms)
			DisableScriptedObjects (10ms)
			BackupInstance (0ms)
			ReleaseScriptingObjects (0ms)
			CreateAndSetChildDomain (44ms)
		EndReloadAssembly (1247ms)
			LoadAssemblies (148ms)
			RebuildTransferFunctionScriptingTraits (0ms)
			SetupTypeCache (392ms)
			ReleaseScriptCaches (1ms)
			RebuildScriptCaches (54ms)
			SetupLoadedEditorAssemblies (487ms)
				LogAssemblyErrors (0ms)
				InitializePlatformSupportModulesInManaged (5ms)
				SetLoadedEditorAssemblies (0ms)
				RefreshPlugins (1ms)
				BeforeProcessingInitializeOnLoad (169ms)
				ProcessInitializeOnLoadAttributes (298ms)
				ProcessInitializeOnLoadMethodAttributes (5ms)
				AfterProcessingInitializeOnLoad (10ms)
				EditorAssembliesLoaded (0ms)
			ExecutionOrderSort2 (0ms)
			AwakeInstancesAfterBackupRestoration (9ms)
Platform modules already initialized, skipping
Refreshing native plugins compatible for Editor in 0.46 ms, found 2 plugins.
Preloading 0 native plugins for Editor in 0.00 ms.
Unloading 1620 Unused Serialized files (Serialized files now loaded: 0)
System memory in use before: 184.8 MB.
System memory in use after: 184.9 MB.

Unloading 14 unused Assets to reduce memory usage. Loaded Objects now: 2171.
Total: 3.384700 ms (FindLiveObjects: 0.236600 ms CreateObjectMapping: 0.042100 ms MarkObjects: 3.017200 ms  DeleteObjects: 0.086800 ms)

AssetImportParameters requested are different than current active one (requested -> active):
  custom:framework-win-MediaFoundation: 216162199b28c13a410421893ffa2e32 -> 
  custom:video-decoder-ogg-theora: a1e56fd34408186e4bbccfd4996cb3dc -> 
  custom:container-muxer-webm: aa71ff27fc2769a1b78a27578f13a17b -> 
  custom:container-demuxer-webm: 4f35f7cbe854078d1ac9338744f61a02 -> 
  custom:container-demuxer-ogg: 62fdf1f143b41e24485cea50d1cbac27 -> 
  custom:video-encoder-webm-vp8: eb34c28f22e8b96e1ab97ce403110664 -> 
  custom:video-codec-MediaFoundation-h265: 746d11721c4dcdbdad8f713fa42b33f4 -> 
  custom:video-decoder-webm-vp8: 9c59270c3fd7afecdb556c50c9e8de78 -> 
  custom:audio-decoder-ogg-vorbis: bf7c407c2cedff20999df2af8eb42d56 -> 
  custom:audio-encoder-webm-vorbis: bf7c407c2cedff20999df2af8eb42d56 -> 
========================================================================
Received Prepare
Registering precompiled user dll's ...
Registered in 0.012766 seconds.
Begin MonoManager ReloadAssembly
Native extension for WindowsStandalone target not found
Refreshing native plugins compatible for Editor in 0.67 ms, found 2 plugins.
Preloading 0 native plugins for Editor in 0.00 ms.
Mono: successfully reloaded assembly
- Completed reload, in  1.390 seconds
Domain Reload Profiling:
	ReloadAssembly (1391ms)
		BeginReloadAssembly (142ms)
			ExecutionOrderSort (0ms)
			DisableScriptedObjects (7ms)
			BackupInstance (0ms)
			ReleaseScriptingObjects (0ms)
			CreateAndSetChildDomain (44ms)
		EndReloadAssembly (1150ms)
			LoadAssemblies (124ms)
			RebuildTransferFunctionScriptingTraits (0ms)
			SetupTypeCache (368ms)
			ReleaseScriptCaches (1ms)
			RebuildScriptCaches (69ms)
			SetupLoadedEditorAssemblies (417ms)
				LogAssemblyErrors (0ms)
				InitializePlatformSupportModulesInManaged (5ms)
				SetLoadedEditorAssemblies (1ms)
				RefreshPlugins (1ms)
				BeforeProcessingInitializeOnLoad (107ms)
				ProcessInitializeOnLoadAttributes (290ms)
				ProcessInitializeOnLoadMethodAttributes (7ms)
				AfterProcessingInitializeOnLoad (6ms)
				EditorAssembliesLoaded (0ms)
			ExecutionOrderSort2 (0ms)
			AwakeInstancesAfterBackupRestoration (11ms)
Platform modules already initialized, skipping
Refreshing native plugins compatible for Editor in 0.56 ms, found 2 plugins.
Preloading 0 native plugins for Editor in 0.00 ms.
Unloading 1620 Unused Serialized files (Serialized files now loaded: 0)
System memory in use before: 184.8 MB.
System memory in use after: 184.9 MB.

Unloading 14 unused Assets to reduce memory usage. Loaded Objects now: 2174.
Total: 2.503500 ms (FindLiveObjects: 0.186300 ms CreateObjectMapping: 0.059800 ms MarkObjects: 2.201100 ms  DeleteObjects: 0.055000 ms)

AssetImportParameters requested are different than current active one (requested -> active):
  custom:framework-win-MediaFoundation: 216162199b28c13a410421893ffa2e32 -> 
  custom:video-decoder-ogg-theora: a1e56fd34408186e4bbccfd4996cb3dc -> 
  custom:container-muxer-webm: aa71ff27fc2769a1b78a27578f13a17b -> 
  custom:container-demuxer-webm: 4f35f7cbe854078d1ac9338744f61a02 -> 
  custom:container-demuxer-ogg: 62fdf1f143b41e24485cea50d1cbac27 -> 
  custom:video-encoder-webm-vp8: eb34c28f22e8b96e1ab97ce403110664 -> 
  custom:video-codec-MediaFoundation-h265: 746d11721c4dcdbdad8f713fa42b33f4 -> 
  custom:video-decoder-webm-vp8: 9c59270c3fd7afecdb556c50c9e8de78 -> 
  custom:audio-decoder-ogg-vorbis: bf7c407c2cedff20999df2af8eb42d56 -> 
  custom:audio-encoder-webm-vorbis: bf7c407c2cedff20999df2af8eb42d56 -> 
========================================================================
Received Prepare
Registering precompiled user dll's ...
Registered in 0.003850 seconds.
Begin MonoManager ReloadAssembly
Native extension for WindowsStandalone target not found
Refreshing native plugins compatible for Editor in 0.43 ms, found 2 plugins.
Preloading 0 native plugins for Editor in 0.00 ms.
Mono: successfully reloaded assembly
- Completed reload, in  1.900 seconds
Domain Reload Profiling:
	ReloadAssembly (1901ms)
		BeginReloadAssembly (179ms)
			ExecutionOrderSort (0ms)
			DisableScriptedObjects (7ms)
			BackupInstance (0ms)
			ReleaseScriptingObjects (0ms)
			CreateAndSetChildDomain (42ms)
		EndReloadAssembly (1538ms)
			LoadAssemblies (193ms)
			RebuildTransferFunctionScriptingTraits (0ms)
			SetupTypeCache (495ms)
			ReleaseScriptCaches (1ms)
			RebuildScriptCaches (75ms)
			SetupLoadedEditorAssemblies (555ms)
				LogAssemblyErrors (0ms)
				InitializePlatformSupportModulesInManaged (5ms)
				SetLoadedEditorAssemblies (0ms)
				RefreshPlugins (0ms)
				BeforeProcessingInitializeOnLoad (138ms)
				ProcessInitializeOnLoadAttributes (386ms)
				ProcessInitializeOnLoadMethodAttributes (12ms)
				AfterProcessingInitializeOnLoad (13ms)
				EditorAssembliesLoaded (0ms)
			ExecutionOrderSort2 (0ms)
			AwakeInstancesAfterBackupRestoration (14ms)
Platform modules already initialized, skipping
Refreshing native plugins compatible for Editor in 0.52 ms, found 2 plugins.
Preloading 0 native plugins for Editor in 0.00 ms.
Unloading 1620 Unused Serialized files (Serialized files now loaded: 0)
System memory in use before: 184.8 MB.
System memory in use after: 184.9 MB.

Unloading 14 unused Assets to reduce memory usage. Loaded Objects now: 2177.
Total: 2.841600 ms (FindLiveObjects: 0.155100 ms CreateObjectMapping: 0.071500 ms MarkObjects: 2.566000 ms  DeleteObjects: 0.046600 ms)

AssetImportParameters requested are different than current active one (requested -> active):
  custom:framework-win-MediaFoundation: 216162199b28c13a410421893ffa2e32 -> 
  custom:video-decoder-ogg-theora: a1e56fd34408186e4bbccfd4996cb3dc -> 
  custom:container-muxer-webm: aa71ff27fc2769a1b78a27578f13a17b -> 
  custom:container-demuxer-webm: 4f35f7cbe854078d1ac9338744f61a02 -> 
  custom:container-demuxer-ogg: 62fdf1f143b41e24485cea50d1cbac27 -> 
  custom:video-encoder-webm-vp8: eb34c28f22e8b96e1ab97ce403110664 -> 
  custom:video-codec-MediaFoundation-h265: 746d11721c4dcdbdad8f713fa42b33f4 -> 
  custom:video-decoder-webm-vp8: 9c59270c3fd7afecdb556c50c9e8de78 -> 
  custom:audio-decoder-ogg-vorbis: bf7c407c2cedff20999df2af8eb42d56 -> 
  custom:audio-encoder-webm-vorbis: bf7c407c2cedff20999df2af8eb42d56 -> 
========================================================================
Received Prepare
Registering precompiled user dll's ...
Registered in 0.004025 seconds.
Begin MonoManager ReloadAssembly
Native extension for WindowsStandalone target not found
Refreshing native plugins compatible for Editor in 0.47 ms, found 2 plugins.
Preloading 0 native plugins for Editor in 0.00 ms.
Mono: successfully reloaded assembly
- Completed reload, in  1.736 seconds
Domain Reload Profiling:
	ReloadAssembly (1737ms)
		BeginReloadAssembly (203ms)
			ExecutionOrderSort (0ms)
			DisableScriptedObjects (6ms)
			BackupInstance (0ms)
			ReleaseScriptingObjects (0ms)
			CreateAndSetChildDomain (37ms)
		EndReloadAssembly (1417ms)
			LoadAssemblies (151ms)
			RebuildTransferFunctionScriptingTraits (0ms)
			SetupTypeCache (476ms)
			ReleaseScriptCaches (1ms)
			RebuildScriptCaches (52ms)
			SetupLoadedEditorAssemblies (597ms)
				LogAssemblyErrors (0ms)
				InitializePlatformSupportModulesInManaged (9ms)
				SetLoadedEditorAssemblies (1ms)
				RefreshPlugins (1ms)
				BeforeProcessingInitializeOnLoad (168ms)
				ProcessInitializeOnLoadAttributes (394ms)
				ProcessInitializeOnLoadMethodAttributes (12ms)
				AfterProcessingInitializeOnLoad (13ms)
				EditorAssembliesLoaded (1ms)
			ExecutionOrderSort2 (0ms)
			AwakeInstancesAfterBackupRestoration (15ms)
Platform modules already initialized, skipping
Refreshing native plugins compatible for Editor in 0.49 ms, found 2 plugins.
Preloading 0 native plugins for Editor in 0.00 ms.
Unloading 1620 Unused Serialized files (Serialized files now loaded: 0)
System memory in use before: 184.8 MB.
System memory in use after: 184.9 MB.

Unloading 14 unused Assets to reduce memory usage. Loaded Objects now: 2180.
Total: 2.196600 ms (FindLiveObjects: 0.134300 ms CreateObjectMapping: 0.049200 ms MarkObjects: 1.986900 ms  DeleteObjects: 0.024900 ms)

AssetImportParameters requested are different than current active one (requested -> active):
  custom:framework-win-MediaFoundation: 216162199b28c13a410421893ffa2e32 -> 
  custom:video-decoder-ogg-theora: a1e56fd34408186e4bbccfd4996cb3dc -> 
  custom:container-muxer-webm: aa71ff27fc2769a1b78a27578f13a17b -> 
  custom:container-demuxer-webm: 4f35f7cbe854078d1ac9338744f61a02 -> 
  custom:container-demuxer-ogg: 62fdf1f143b41e24485cea50d1cbac27 -> 
  custom:video-encoder-webm-vp8: eb34c28f22e8b96e1ab97ce403110664 -> 
  custom:video-codec-MediaFoundation-h265: 746d11721c4dcdbdad8f713fa42b33f4 -> 
  custom:video-decoder-webm-vp8: 9c59270c3fd7afecdb556c50c9e8de78 -> 
  custom:audio-decoder-ogg-vorbis: bf7c407c2cedff20999df2af8eb42d56 -> 
  custom:audio-encoder-webm-vorbis: bf7c407c2cedff20999df2af8eb42d56 -> 
========================================================================
Received Prepare
Registering precompiled user dll's ...
Registered in 0.008861 seconds.
Begin MonoManager ReloadAssembly
Native extension for WindowsStandalone target not found
Refreshing native plugins compatible for Editor in 0.74 ms, found 2 plugins.
Preloading 0 native plugins for Editor in 0.00 ms.
Mono: successfully reloaded assembly
- Completed reload, in  1.829 seconds
Domain Reload Profiling:
	ReloadAssembly (1830ms)
		BeginReloadAssembly (177ms)
			ExecutionOrderSort (0ms)
			DisableScriptedObjects (16ms)
			BackupInstance (0ms)
			ReleaseScriptingObjects (0ms)
			CreateAndSetChildDomain (45ms)
		EndReloadAssembly (1519ms)
			LoadAssemblies (147ms)
			RebuildTransferFunctionScriptingTraits (0ms)
			SetupTypeCache (544ms)
			ReleaseScriptCaches (1ms)
			RebuildScriptCaches (83ms)
			SetupLoadedEditorAssemblies (504ms)
				LogAssemblyErrors (0ms)
				InitializePlatformSupportModulesInManaged (7ms)
				SetLoadedEditorAssemblies (1ms)
				RefreshPlugins (1ms)
				BeforeProcessingInitializeOnLoad (122ms)
				ProcessInitializeOnLoadAttributes (357ms)
				ProcessInitializeOnLoadMethodAttributes (10ms)
				AfterProcessingInitializeOnLoad (7ms)
				EditorAssembliesLoaded (0ms)
			ExecutionOrderSort2 (0ms)
			AwakeInstancesAfterBackupRestoration (8ms)
Platform modules already initialized, skipping
Refreshing native plugins compatible for Editor in 0.98 ms, found 2 plugins.
Preloading 0 native plugins for Editor in 0.00 ms.
Unloading 1620 Unused Serialized files (Serialized files now loaded: 0)
System memory in use before: 184.8 MB.
System memory in use after: 184.9 MB.

Unloading 14 unused Assets to reduce memory usage. Loaded Objects now: 2183.
Total: 3.380300 ms (FindLiveObjects: 0.129700 ms CreateObjectMapping: 0.044100 ms MarkObjects: 3.101600 ms  DeleteObjects: 0.103300 ms)

AssetImportParameters requested are different than current active one (requested -> active):
  custom:framework-win-MediaFoundation: 216162199b28c13a410421893ffa2e32 -> 
  custom:video-decoder-ogg-theora: a1e56fd34408186e4bbccfd4996cb3dc -> 
  custom:container-muxer-webm: aa71ff27fc2769a1b78a27578f13a17b -> 
  custom:container-demuxer-webm: 4f35f7cbe854078d1ac9338744f61a02 -> 
  custom:container-demuxer-ogg: 62fdf1f143b41e24485cea50d1cbac27 -> 
  custom:video-encoder-webm-vp8: eb34c28f22e8b96e1ab97ce403110664 -> 
  custom:video-codec-MediaFoundation-h265: 746d11721c4dcdbdad8f713fa42b33f4 -> 
  custom:video-decoder-webm-vp8: 9c59270c3fd7afecdb556c50c9e8de78 -> 
  custom:audio-decoder-ogg-vorbis: bf7c407c2cedff20999df2af8eb42d56 -> 
  custom:audio-encoder-webm-vorbis: bf7c407c2cedff20999df2af8eb42d56 -> 
========================================================================
Received Prepare
Registering precompiled user dll's ...
Registered in 0.008892 seconds.
Begin MonoManager ReloadAssembly
Native extension for WindowsStandalone target not found
Refreshing native plugins compatible for Editor in 0.82 ms, found 2 plugins.
Preloading 0 native plugins for Editor in 0.00 ms.
Mono: successfully reloaded assembly
- Completed reload, in  1.860 seconds
Domain Reload Profiling:
	ReloadAssembly (1861ms)
		BeginReloadAssembly (166ms)
			ExecutionOrderSort (0ms)
			DisableScriptedObjects (7ms)
			BackupInstance (0ms)
			ReleaseScriptingObjects (0ms)
			CreateAndSetChildDomain (42ms)
		EndReloadAssembly (1497ms)
			LoadAssemblies (161ms)
			RebuildTransferFunctionScriptingTraits (0ms)
			SetupTypeCache (487ms)
			ReleaseScriptCaches (2ms)
			RebuildScriptCaches (73ms)
			SetupLoadedEditorAssemblies (574ms)
				LogAssemblyErrors (0ms)
				InitializePlatformSupportModulesInManaged (12ms)
				SetLoadedEditorAssemblies (1ms)
				RefreshPlugins (1ms)
				BeforeProcessingInitializeOnLoad (184ms)
				ProcessInitializeOnLoadAttributes (359ms)
				ProcessInitializeOnLoadMethodAttributes (8ms)
				AfterProcessingInitializeOnLoad (9ms)
				EditorAssembliesLoaded (1ms)
			ExecutionOrderSort2 (0ms)
			AwakeInstancesAfterBackupRestoration (10ms)
Platform modules already initialized, skipping
Refreshing native plugins compatible for Editor in 1.12 ms, found 2 plugins.
Preloading 0 native plugins for Editor in 0.00 ms.
Unloading 1620 Unused Serialized files (Serialized files now loaded: 0)
System memory in use before: 184.8 MB.
System memory in use after: 184.9 MB.

Unloading 14 unused Assets to reduce memory usage. Loaded Objects now: 2186.
Total: 4.137300 ms (FindLiveObjects: 0.287100 ms CreateObjectMapping: 0.063300 ms MarkObjects: 3.732800 ms  DeleteObjects: 0.050600 ms)

AssetImportParameters requested are different than current active one (requested -> active):
  custom:framework-win-MediaFoundation: 216162199b28c13a410421893ffa2e32 -> 
  custom:video-decoder-ogg-theora: a1e56fd34408186e4bbccfd4996cb3dc -> 
  custom:container-muxer-webm: aa71ff27fc2769a1b78a27578f13a17b -> 
  custom:container-demuxer-webm: 4f35f7cbe854078d1ac9338744f61a02 -> 
  custom:container-demuxer-ogg: 62fdf1f143b41e24485cea50d1cbac27 -> 
  custom:video-encoder-webm-vp8: eb34c28f22e8b96e1ab97ce403110664 -> 
  custom:video-codec-MediaFoundation-h265: 746d11721c4dcdbdad8f713fa42b33f4 -> 
  custom:video-decoder-webm-vp8: 9c59270c3fd7afecdb556c50c9e8de78 -> 
  custom:audio-decoder-ogg-vorbis: bf7c407c2cedff20999df2af8eb42d56 -> 
  custom:audio-encoder-webm-vorbis: bf7c407c2cedff20999df2af8eb42d56 -> 
AssetImportWorkerClient::OnTransportError - code=2 error=End of file
